<?xml version="1.0" encoding="UTF-8"?>
<!-- Generated by org.testng.reporters.JUnitReportReporter -->
<testsuite hostname="APMOSYSLT0170" failures="0" tests="4" name="Day1.HttepRequest" time="7.927" errors="0" timestamp="2023-03-03T16:14:08 IST" skipped="0">
  <testcase classname="Day1.HttepRequest" name="getUsers" time="4.771"/>
  <system-out/>
  <testcase classname="Day1.HttepRequest" name="PutUsers" time="1.711"/>
  <system-out/>
  <testcase classname="Day1.HttepRequest" name="UpdateUsers" time="0.740"/>
  <system-out/>
  <testcase classname="Day1.HttepRequest" name="DeleteUsers" time="0.705"/>
  <system-out/>
</testsuite> <!-- Day1.HttepRequest -->
