<?xml version="1.0" encoding="UTF-8"?>
<!-- Generated by org.testng.reporters.JUnitReportReporter -->
<testsuite hostname="APMOSYSLT0170" failures="0" tests="1" name="Day1.Reqestspecification" time="9.583" errors="0" timestamp="2023-03-10T11:49:41 IST" skipped="0">
  <testcase classname="Day1.Reqestspecification" name="gett" time="9.583"/>
  <system-out/>
</testsuite> <!-- Day1.Reqestspecification -->
