<?xml version="1.0" encoding="UTF-8"?>
<!-- Generated by org.testng.reporters.JUnitReportReporter -->
<testsuite hostname="APMOSYSLT0170" failures="0" tests="1" name="Day1.Demo" time="4.329" errors="0" timestamp="2023-03-04T12:17:10 IST" skipped="0">
  <testcase classname="Day1.Demo" name="re2" time="4.329"/>
  <system-out/>
</testsuite> <!-- Day1.Demo -->
