<?xml version="1.0" encoding="UTF-8"?>
<!-- Generated by org.testng.reporters.JUnitReportReporter -->
<testsuite hostname="APMOSYSLT0170" failures="0" tests="1" name="Day4.Rahul" time="8.175" errors="0" timestamp="2023-03-09T12:20:41 IST" skipped="0">
  <testcase classname="Day4.Rahul" name="gett" time="8.175"/>
  <system-out/>
</testsuite> <!-- Day4.Rahul -->
