<?xml version="1.0" encoding="UTF-8"?>
<!-- Generated by org.testng.reporters.JUnitReportReporter -->
<testsuite hostname="APMOSYSLT0170" failures="0" tests="3" name="Day1.postt" time="6.902" errors="0" timestamp="2023-03-04T13:17:32 IST" skipped="0">
  <testcase classname="Day1.postt" name="postmethod" time="1.512"/>
  <system-out/>
  <testcase classname="Day1.postt" name="putmethod" time="1.887"/>
  <system-out/>
  <testcase classname="Day1.postt" name="Deletemethod" time="3.503"/>
  <system-out/>
</testsuite> <!-- Day1.postt -->
