<?xml version="1.0" encoding="UTF-8"?>
<!-- Generated by org.testng.reporters.JUnitReportReporter -->
<testsuite hostname="APMOSYSLT0170" failures="0" tests="2" name="Day5.Practice" time="6.900" errors="0" timestamp="2023-03-06T12:57:26 IST" skipped="0">
  <testcase classname="Day5.Practice" name="get" time="6.167"/>
  <system-out/>
  <testcase classname="Day5.Practice" name="put" time="0.733"/>
  <system-out/>
</testsuite> <!-- Day5.Practice -->
